[19:22:22.069] [INFO] Storybook Upgrade - v9.1.3
[19:22:22.124] [INFO] detect-projects-spinner-start: Detecting projects...
[19:22:22.126] [DEBUG] Finding Storybook projects...
[19:22:22.619] [DEBUG] Found 0 Storybook projects
[19:28:04.164] [PROMPT] No Storybook projects were found. Please enter the path to the .storybook directory for the project you want to upgrade. {"choice":"C:\\ultimate-asepharyana.cloud\\storybook-ui\\.storybook"}
[19:28:04.166] [INFO] detect-projects-spinner: Detecting projects: 1 projects
[19:28:04.166] [DEBUG] Getting Storybook data...
[19:28:04.166] [DEBUG] Getting Storybook info...
[19:28:04.168] [DEBUG] Loading main config...
[19:28:04.657] [DEBUG] Getting stories paths...
[19:28:04.671] [DEBUG] Getting package manager...
[19:28:05.157] [DEBUG] Getting Storybook version...
[19:28:05.158] [DEBUG] \storybook-ui\.storybook - Validating before version... 9.1.3
[19:28:05.158] [DEBUG] \storybook-ui\.storybook - Validating upgrade compatibility...
[19:28:05.159] [DEBUG] \storybook-ui\.storybook - Fetching NPM version information...
[19:28:05.159] [DEBUG] Getting CLI versions from NPM for storybook...
[19:28:05.168] [DEBUG] Getting CLI versions from NPM for storybook@next...
[19:28:06.598] [DEBUG] \storybook-ui\.storybook - Evaluating blockers...
[19:28:06.609] [DEBUG] Getting installed version for @storybook/experimental-addon-test...
[19:28:07.039] [INFO] detect-projects-spinner-stop: 1 project detected
[19:28:07.040] [DEBUG] Found 1 valid projects and 0 error projects
[19:28:07.040] [INFO] Upgrading from 9.1.3 to 9.1.3
[19:28:07.084] [INFO] upgrade-dependencies-task-start: Fetching versions to update package.json files..
[19:28:07.084] [DEBUG] Updating dependencies in \storybook-ui\.storybook...
[19:28:07.123] [INFO] upgrade-dependencies-task: \storybook-ui\package.json
\package.json
[19:28:07.125] [DEBUG] {
  "upgradedDependencies": []
}
[19:28:07.125] [DEBUG] {
  "upgradedDevDependencies": []
}
[19:28:07.125] [DEBUG] {
  "upgradedPeerDependencies": []
}
[19:28:07.131] [DEBUG] Getting CLI versions from NPM for @storybook/test-runner...
[19:28:09.829] [DEBUG] {
  "upgradedDependencies": []
}
[19:28:09.829] [DEBUG] {
  "upgradedDevDependencies": [
    "@storybook/react@9.1.3",
    "@storybook/react-vite@^9.1.3",
    "storybook@^9.1.3",
    "@storybook/test-runner@^0.23.0"
  ]
}
[19:28:09.829] [DEBUG] {
  "upgradedPeerDependencies": []
}
[19:28:09.830] [DEBUG] Getting CLI versions from NPM for @storybook/react...
[19:28:11.201] [DEBUG] Getting CLI versions from NPM for @storybook/react-vite...
[19:28:12.510] [DEBUG] Using cached version for storybook...
[19:28:12.510] [DEBUG] Using cached version for @storybook/test-runner...
[19:28:12.511] [INFO] upgrade-dependencies-task-success: Updated package versions in package.json files
[19:28:12.512] [INFO] detect-automigrations-task-start: Detecting automigrations...
[19:28:12.512] [DEBUG] Starting automigration collection across 1 projects and 15 fixes...
[19:28:12.550] [INFO] detect-automigrations-task: Checking automigrations for \storybook-ui\.storybook...
[19:28:12.550] [DEBUG] Processing project: \storybook-ui\.storybook
[19:28:12.550] [DEBUG] Checking fix eslintPlugin for project \storybook-ui\.storybook...
[19:28:12.554] [DEBUG] Checking fix addon-mdx-gfm-remove for project \storybook-ui\.storybook...
[19:28:12.554] [DEBUG] Checking fix addon-storysource-code-panel for project \storybook-ui\.storybook...
[19:28:12.554] [DEBUG] Checking fix upgrade-storybook-related-dependencies for project \storybook-ui\.storybook...
[19:28:12.554] [DEBUG] Checking for incompatible storybook packages...
[19:28:12.560] [DEBUG] Getting installed version for @nx/storybook...
[19:28:12.566] [DEBUG] Getting installed version for @storybook/addon-essentials...
[19:28:12.572] [DEBUG] Getting installed version for @storybook/addon-interactions...
[19:28:12.579] [DEBUG] Getting installed version for @storybook/core-server...
[19:28:12.585] [DEBUG] Getting installed version for @storybook/jest...
[19:28:12.593] [DEBUG] Getting installed version for @storybook/testing-library...
[19:28:13.180] [DEBUG] Getting CLI versions from NPM for @nx/storybook...
[19:28:13.204] [DEBUG] Getting CLI versions from NPM for @storybook/addon-interactions...
[19:28:13.213] [DEBUG] Getting CLI versions from NPM for @storybook/addon-essentials...
[19:28:13.223] [DEBUG] Getting CLI versions from NPM for @storybook/testing-library...
[19:28:13.232] [DEBUG] Getting CLI versions from NPM for @storybook/core-server...
[19:28:13.241] [DEBUG] Getting CLI versions from NPM for @storybook/jest...
[19:28:16.403] [DEBUG] Checking fix initial-globals for project \storybook-ui\.storybook...
[19:28:16.409] [DEBUG] Checking fix addon-a11y-addon-test for project \storybook-ui\.storybook...
[19:28:16.409] [DEBUG] Checking fix consolidated-imports for project \storybook-ui\.storybook...
[19:28:16.410] [DEBUG] Checking fix addon-experimental-test for project \storybook-ui\.storybook...
[19:28:16.410] [DEBUG] Using cached installed version for @storybook/experimental-addon-test...
[19:28:16.410] [DEBUG] Checking fix rnstorybook-config for project \storybook-ui\.storybook...
[19:28:16.410] [DEBUG] Checking fix remove-addon-interactions for project \storybook-ui\.storybook...
[19:28:16.411] [DEBUG] Checking fix renderer-to-framework for project \storybook-ui\.storybook...
[19:28:16.411] [DEBUG] Checking fix remove-essential-addons for project \storybook-ui\.storybook...
[19:28:16.412] [DEBUG] Checking fix addon-a11y-parameters for project \storybook-ui\.storybook...
[19:28:16.412] [DEBUG] Checking fix remove-docs-autodocs for project \storybook-ui\.storybook...
[19:28:16.420] [DEBUG] Checking fix wrap-require for project \storybook-ui\.storybook...
[19:28:16.463] [INFO] detect-automigrations-task: 
Automigrations detected:
[19:28:16.500] [INFO] detect-automigrations-task: ✔ eslintPlugin
[19:28:16.535] [INFO] detect-automigrations-task: ✔ consolidated-imports
[19:28:16.571] [INFO] detect-automigrations-task: ✔ remove-addon-interactions
[19:28:16.606] [INFO] detect-automigrations-task: ✔ renderer-to-framework
[19:28:16.644] [INFO] detect-automigrations-task: ✔ wrap-require
[19:28:16.644] [INFO] detect-automigrations-task-success: 5 automigration(s) detected
[19:28:29.440] [PROMPT] Select automigrations to run {"choice":["eslintPlugin","consolidated-imports","remove-addon-interactions","renderer-to-framework","wrap-require"]}
[19:28:29.441] [INFO] automigrate-\storybook-ui\.storybook-task-start: Running automigrations for \storybook-ui\.storybook
[19:28:29.441] [DEBUG] Adding dependencies: eslint-plugin-storybook@9.1.3
[19:28:29.441] [DEBUG] Getting CLI versions from NPM for eslint-plugin-storybook...
[19:28:31.296] [DEBUG] Detected flat config at C:\ultimate-asepharyana.cloud\storybook-ui\eslint.config.mjs
[19:28:31.350] [INFO] automigrate-\storybook-ui\.storybook-task: ✔ eslintPlugin
[19:28:31.392] [INFO] automigrate-\storybook-ui\.storybook-task: ✔ consolidated-imports
[19:28:31.395] [DEBUG] Uninstalling @storybook/addon-interactions
[19:28:31.432] [INFO] automigrate-\storybook-ui\.storybook-task: ✔ remove-addon-interactions
[19:28:31.432] [DEBUG] 
Migrating @storybook/react to @storybook/react-vite
[19:28:31.434] [DEBUG] Updating package.json files...
[19:28:31.472] [INFO] automigrate-\storybook-ui\.storybook-task: ✔ renderer-to-framework
[19:28:31.516] [INFO] automigrate-\storybook-ui\.storybook-task: ✔ wrap-require
[19:28:31.516] [INFO] automigrate-\storybook-ui\.storybook-task-success: Completed automigrations for \storybook-ui\.storybook
[19:28:31.517] [INFO] Installing dependencies...
[19:28:31.517] [INFO] install-dependencies-task-start: Installing dependencies...
[19:28:31.991] [INFO] WARN  `node_modules` is present. Lockfile only installation will make it out-of-date
[19:28:32.055] [INFO] install-dependencies-task: WARN  `node_modules` is present. Lockfile only installation will make it
out-of-date
[19:28:32.276] [INFO] Progress: resolved 1, reused 0, downloaded 0, added 0
[19:28:32.324] [INFO] install-dependencies-task: Progress: resolved 1, reused 0, downloaded 0, added 0
[19:28:33.283] [INFO] Progress: resolved 15, reused 0, downloaded 0, added 0
[19:28:33.320] [INFO] install-dependencies-task: Progress: resolved 15, reused 0, downloaded 0, added 0
[19:28:34.284] [INFO] Progress: resolved 18, reused 0, downloaded 0, added 0
[19:28:34.323] [INFO] install-dependencies-task: Progress: resolved 18, reused 0, downloaded 0, added 0
[19:28:36.266] [INFO] Progress: resolved 19, reused 0, downloaded 0, added 0
[19:28:36.305] [INFO] install-dependencies-task: Progress: resolved 19, reused 0, downloaded 0, added 0
[19:28:36.600] [INFO] WARN  deprecated @storybook/testing-library@0.2.2: In Storybook 8, this package functionality has been integrated to a new package called @storybook/test, which uses Vitest APIs for an improved experience. When upgrading to Storybook 8 with 'npx storybook@latest upgrade', you will get prompted and will get an automigration for the new package. Please migrate when you can.
[19:28:36.637] [INFO] install-dependencies-task: WARN  deprecated @storybook/testing-library@0.2.2: In Storybook 8, this package
functionality has been integrated to a new package called @storybook/test, which
uses Vitest APIs for an improved experience. When upgrading to Storybook 8 with
'npx storybook@latest upgrade', you will get prompted and will get an
automigration for the new package. Please migrate when you can.
[19:28:37.275] [INFO] Progress: resolved 21, reused 0, downloaded 0, added 0
[19:28:37.310] [INFO] install-dependencies-task: Progress: resolved 21, reused 0, downloaded 0, added 0
[19:28:39.407] [INFO] Progress: resolved 22, reused 0, downloaded 0, added 0
[19:28:39.442] [INFO] install-dependencies-task: Progress: resolved 22, reused 0, downloaded 0, added 0
[19:28:40.409] [INFO] Progress: resolved 25, reused 0, downloaded 0, added 0
[19:28:40.448] [INFO] install-dependencies-task: Progress: resolved 25, reused 0, downloaded 0, added 0
[19:28:41.412] [INFO] Progress: resolved 33, reused 0, downloaded 0, added 0
[19:28:41.450] [INFO] install-dependencies-task: Progress: resolved 33, reused 0, downloaded 0, added 0
[19:28:42.415] [INFO] Progress: resolved 36, reused 0, downloaded 0, added 0
[19:28:42.452] [INFO] install-dependencies-task: Progress: resolved 36, reused 0, downloaded 0, added 0
[19:28:43.418] [INFO] Progress: resolved 41, reused 0, downloaded 0, added 0
[19:28:43.457] [INFO] install-dependencies-task: Progress: resolved 41, reused 0, downloaded 0, added 0
[19:28:43.925] [INFO] WARN  deprecated @storybook/jest@0.2.3: In Storybook 8, this package functionality has been integrated to a new package called @storybook/test, which uses Vitest APIs for an improved experience. When upgrading to Storybook 8 with 'npx storybook@latest upgrade', you will get prompted and will get an automigration for the new package. Please migrate when you can.
[19:28:43.963] [INFO] install-dependencies-task: WARN  deprecated @storybook/jest@0.2.3: In Storybook 8, this package
functionality has been integrated to a new package called @storybook/test, which
uses Vitest APIs for an improved experience. When upgrading to Storybook 8 with
'npx storybook@latest upgrade', you will get prompted and will get an
automigration for the new package. Please migrate when you can.
[19:28:44.420] [INFO] Progress: resolved 46, reused 0, downloaded 0, added 0
[19:28:44.455] [INFO] install-dependencies-task: Progress: resolved 46, reused 0, downloaded 0, added 0
[19:28:45.427] [INFO] Progress: resolved 50, reused 0, downloaded 0, added 0
[19:28:45.464] [INFO] install-dependencies-task: Progress: resolved 50, reused 0, downloaded 0, added 0
[19:28:46.434] [INFO] Progress: resolved 54, reused 0, downloaded 0, added 0
[19:28:46.474] [INFO] install-dependencies-task: Progress: resolved 54, reused 0, downloaded 0, added 0
[19:28:49.559] [INFO] Progress: resolved 55, reused 0, downloaded 0, added 0
[19:28:49.597] [INFO] install-dependencies-task: Progress: resolved 55, reused 0, downloaded 0, added 0
[19:28:50.559] [INFO] Progress: resolved 58, reused 0, downloaded 0, added 0
[19:28:50.599] [INFO] install-dependencies-task: Progress: resolved 58, reused 0, downloaded 0, added 0
[19:28:51.565] [INFO] Progress: resolved 61, reused 0, downloaded 0, added 0
[19:28:51.605] [INFO] install-dependencies-task: Progress: resolved 61, reused 0, downloaded 0, added 0
[19:28:52.571] [INFO] Progress: resolved 62, reused 0, downloaded 0, added 0
[19:28:52.608] [INFO] install-dependencies-task: Progress: resolved 62, reused 0, downloaded 0, added 0
[19:28:53.576] [INFO] Progress: resolved 63, reused 0, downloaded 0, added 0
[19:28:53.615] [INFO] install-dependencies-task: Progress: resolved 63, reused 0, downloaded 0, added 0
[19:28:54.583] [INFO] Progress: resolved 65, reused 0, downloaded 0, added 0
[19:28:54.622] [INFO] install-dependencies-task: Progress: resolved 65, reused 0, downloaded 0, added 0
[19:28:55.590] [INFO] Progress: resolved 66, reused 0, downloaded 0, added 0
[19:28:55.632] [INFO] install-dependencies-task: Progress: resolved 66, reused 0, downloaded 0, added 0
[19:28:56.604] [INFO] Progress: resolved 69, reused 0, downloaded 0, added 0
[19:28:56.646] [INFO] install-dependencies-task: Progress: resolved 69, reused 0, downloaded 0, added 0
[19:28:57.615] [INFO] Progress: resolved 72, reused 0, downloaded 0, added 0
[19:28:57.653] [INFO] install-dependencies-task: Progress: resolved 72, reused 0, downloaded 0, added 0
[19:28:58.620] [INFO] Progress: resolved 73, reused 0, downloaded 0, added 0
[19:28:58.655] [INFO] install-dependencies-task: Progress: resolved 73, reused 0, downloaded 0, added 0
[19:28:59.629] [INFO] Progress: resolved 74, reused 0, downloaded 0, added 0
[19:28:59.666] [INFO] install-dependencies-task: Progress: resolved 74, reused 0, downloaded 0, added 0
[19:29:00.635] [INFO] Progress: resolved 75, reused 0, downloaded 0, added 0
[19:29:00.673] [INFO] install-dependencies-task: Progress: resolved 75, reused 0, downloaded 0, added 0
[19:29:01.640] [INFO] Progress: resolved 78, reused 0, downloaded 0, added 0
[19:29:01.676] [INFO] install-dependencies-task: Progress: resolved 78, reused 0, downloaded 0, added 0
[19:29:02.649] [INFO] Progress: resolved 83, reused 0, downloaded 0, added 0
[19:29:02.684] [INFO] install-dependencies-task: Progress: resolved 83, reused 0, downloaded 0, added 0
[19:29:03.651] [INFO] Progress: resolved 88, reused 0, downloaded 0, added 0
[19:29:03.688] [INFO] install-dependencies-task: Progress: resolved 88, reused 0, downloaded 0, added 0
[19:29:04.654] [INFO] Progress: resolved 90, reused 0, downloaded 0, added 0
[19:29:04.690] [INFO] install-dependencies-task: Progress: resolved 90, reused 0, downloaded 0, added 0
[19:29:05.656] [INFO] Progress: resolved 92, reused 0, downloaded 0, added 0
[19:29:05.694] [INFO] install-dependencies-task: Progress: resolved 92, reused 0, downloaded 0, added 0
[19:29:06.655] [INFO] Progress: resolved 103, reused 0, downloaded 0, added 0
[19:29:06.690] [INFO] install-dependencies-task: Progress: resolved 103, reused 0, downloaded 0, added 0
[19:29:07.099] [INFO] WARN  deprecated critters@0.0.25: Ownership of Critters has moved to the Nuxt team, who will be maintaining the project going forward. If you'd like to keep using Critters, please switch to the actively-maintained fork at https://github.com/danielroe/beasties
[19:29:07.136] [INFO] install-dependencies-task: WARN  deprecated critters@0.0.25: Ownership of Critters has moved to the Nuxt
team, who will be maintaining the project going forward. If you'd like to keep
using Critters, please switch to the actively-maintained fork at
https://github.com/danielroe/beasties
[19:29:07.626] [INFO] WARN  deprecated fluent-ffmpeg@2.1.3: Package no longer supported. Contact Support at https://www.npmjs.com/support for more info.
[19:29:07.673] [INFO] install-dependencies-task: WARN  deprecated fluent-ffmpeg@2.1.3: Package no longer supported. Contact
Support at https://www.npmjs.com/support for more info.
[19:29:07.674] [INFO] Progress: resolved 114, reused 0, downloaded 0, added 0
[19:29:07.720] [INFO] install-dependencies-task: Progress: resolved 114, reused 0, downloaded 0, added 0
[19:29:08.664] [INFO] Progress: resolved 122, reused 0, downloaded 0, added 0
[19:29:08.700] [INFO] install-dependencies-task: Progress: resolved 122, reused 0, downloaded 0, added 0
[19:29:09.664] [INFO] Progress: resolved 124, reused 0, downloaded 0, added 0
[19:29:09.704] [INFO] install-dependencies-task: Progress: resolved 124, reused 0, downloaded 0, added 0
[19:29:10.669] [INFO] Progress: resolved 131, reused 0, downloaded 0, added 0
[19:29:10.704] [INFO] install-dependencies-task: Progress: resolved 131, reused 0, downloaded 0, added 0
[19:29:11.670] [INFO] Progress: resolved 133, reused 0, downloaded 0, added 0
[19:29:11.708] [INFO] install-dependencies-task: Progress: resolved 133, reused 0, downloaded 0, added 0
[19:29:12.672] [INFO] Progress: resolved 136, reused 0, downloaded 0, added 0
[19:29:12.708] [INFO] install-dependencies-task: Progress: resolved 136, reused 0, downloaded 0, added 0
[19:29:13.673] [INFO] Progress: resolved 143, reused 0, downloaded 0, added 0
[19:29:13.710] [INFO] install-dependencies-task: Progress: resolved 143, reused 0, downloaded 0, added 0
[19:29:14.520] [INFO] apps/nextjs                              |  WARN  deprecated @types/prettier@3.0.0
[19:29:14.560] [INFO] install-dependencies-task: apps/nextjs                              |  WARN  deprecated
@types/prettier@3.0.0
[19:29:14.675] [INFO] Progress: resolved 155, reused 0, downloaded 0, added 0
[19:29:14.714] [INFO] install-dependencies-task: Progress: resolved 155, reused 0, downloaded 0, added 0
[19:29:15.687] [INFO] Progress: resolved 166, reused 0, downloaded 0, added 0
[19:29:15.724] [INFO] install-dependencies-task: Progress: resolved 166, reused 0, downloaded 0, added 0
[19:29:16.736] [INFO] Progress: resolved 167, reused 0, downloaded 0, added 0
[19:29:16.774] [INFO] install-dependencies-task: Progress: resolved 167, reused 0, downloaded 0, added 0
[19:29:17.987] [INFO] Progress: resolved 168, reused 0, downloaded 0, added 0
[19:29:18.023] [INFO] install-dependencies-task: Progress: resolved 168, reused 0, downloaded 0, added 0
[19:29:42.895] [INFO] Progress: resolved 169, reused 0, downloaded 0, added 0
[19:29:42.937] [INFO] install-dependencies-task: Progress: resolved 169, reused 0, downloaded 0, added 0
[19:29:43.920] [INFO] Progress: resolved 406, reused 0, downloaded 0, added 0
[19:29:43.962] [INFO] install-dependencies-task: Progress: resolved 406, reused 0, downloaded 0, added 0
[19:29:44.920] [INFO] Progress: resolved 737, reused 0, downloaded 0, added 0
[19:29:44.976] [INFO] install-dependencies-task: Progress: resolved 737, reused 0, downloaded 0, added 0
[19:29:45.920] [INFO] Progress: resolved 1030, reused 0, downloaded 0, added 0
[19:29:45.966] [INFO] install-dependencies-task: Progress: resolved 1030, reused 0, downloaded 0, added 0
[19:29:46.919] [INFO] Progress: resolved 1369, reused 0, downloaded 0, added 0
[19:29:46.970] [INFO] install-dependencies-task: Progress: resolved 1369, reused 0, downloaded 0, added 0
[19:29:48.015] [INFO] Progress: resolved 1569, reused 0, downloaded 0, added 0
[19:29:48.061] [INFO] install-dependencies-task: Progress: resolved 1569, reused 0, downloaded 0, added 0
[19:29:49.024] [INFO] Progress: resolved 1965, reused 0, downloaded 0, added 0
[19:29:49.063] [INFO] install-dependencies-task: Progress: resolved 1965, reused 0, downloaded 0, added 0
[19:29:50.024] [INFO] Progress: resolved 2185, reused 0, downloaded 0, added 0
[19:29:50.066] [INFO] install-dependencies-task: Progress: resolved 2185, reused 0, downloaded 0, added 0
[19:29:51.024] [INFO] Progress: resolved 2604, reused 0, downloaded 0, added 0
[19:29:51.062] [INFO] install-dependencies-task: Progress: resolved 2604, reused 0, downloaded 0, added 0
[19:29:52.035] [INFO] Progress: resolved 2621, reused 0, downloaded 0, added 0
[19:29:52.072] [INFO] install-dependencies-task: Progress: resolved 2621, reused 0, downloaded 0, added 0
[19:29:52.652] [INFO] WARN  9 deprecated subdependencies found: @storybook/expect@28.1.3-5, @types/minimatch@6.0.0, glob@7.2.3, glob@8.1.0, inflight@1.0.6, node-domexception@1.0.0, puppeteer@23.11.1, rimraf@3.0.2, stable@0.1.8
[19:29:52.693] [INFO] install-dependencies-task: WARN  9 deprecated subdependencies found: @storybook/expect@28.1.3-5,
@types/minimatch@6.0.0, glob@7.2.3, glob@8.1.0, inflight@1.0.6,
node-domexception@1.0.0, puppeteer@23.11.1, rimraf@3.0.2, stable@0.1.8
[19:29:52.786] [INFO] Progress: resolved 2622, reused 0, downloaded 0, added 0, done
[19:29:52.823] [INFO] install-dependencies-task: Progress: resolved 2622, reused 0, downloaded 0, added 0, done
[19:29:52.823] [INFO] WARN  Issues with peer dependencies found
.
├─┬ @storybook/addon-essentials 8.6.14
│ ├── ✕ unmet peer storybook@^8.6.14: found 9.1.3
│ ├─┬ @storybook/addon-highlight 8.6.14
│ │ └── ✕ unmet peer storybook@^8.6.14: found 9.1.3
│ ├─┬ @storybook/addon-controls 8.6.14
│ │ └── ✕ unmet peer storybook@^8.6.14: found 9.1.3
│ ├─┬ @storybook/addon-outline 8.6.14
│ │ └── ✕ unmet peer storybook@^8.6.14: found 9.1.3
│ ├─┬ @storybook/addon-measure 8.6.14
│ │ └── ✕ unmet peer storybook@^8.6.14: found 9.1.3
│ ├─┬ @storybook/addon-backgrounds 8.6.14
│ │ └── ✕ unmet peer storybook@^8.6.14: found 9.1.3
│ ├─┬ @storybook/addon-actions 8.6.14
│ │ └── ✕ unmet peer storybook@^8.6.14: found 9.1.3
│ ├─┬ @storybook/addon-toolbars 8.6.14
│ │ └── ✕ unmet peer storybook@^8.6.14: found 9.1.3
│ ├─┬ @storybook/addon-docs 8.6.14
│ │ ├── ✕ unmet peer storybook@^8.6.14: found 9.1.3
│ │ ├─┬ @storybook/csf-plugin 8.6.14
│ │ │ └── ✕ unmet peer storybook@^8.6.14: found 9.1.3
│ │ ├─┬ @storybook/react-dom-shim 8.6.14
│ │ │ └── ✕ unmet peer storybook@^8.6.14: found 9.1.3
│ │ └─┬ @storybook/blocks 8.6.14
│ │   └── ✕ unmet peer storybook@^8.6.14: found 9.1.3
│ └─┬ @storybook/addon-viewport 8.6.14
│   └── ✕ unmet peer storybook@^8.6.14: found 9.1.3
└─┬ flowbite-react 0.12.7
  └─┬ @typescript-eslint/typescript-estree 8.26.0
    └── ✕ unmet peer typescript@">=4.8.4 <5.9.0": found 5.9.2
[19:29:52.876] [INFO] install-dependencies-task: WARN  Issues with peer dependencies found
.
├─┬ @storybook/addon-essentials 8.6.14
│ ├── ✕ unmet peer storybook@^8.6.14: found 9.1.3
│ ├─┬ @storybook/addon-highlight 8.6.14
│ │ └── ✕ unmet peer storybook@^8.6.14: found 9.1.3
│ ├─┬ @storybook/addon-controls 8.6.14
│ │ └── ✕ unmet peer storybook@^8.6.14: found 9.1.3
│ ├─┬ @storybook/addon-outline 8.6.14
│ │ └── ✕ unmet peer storybook@^8.6.14: found 9.1.3
│ ├─┬ @storybook/addon-measure 8.6.14
│ │ └── ✕ unmet peer storybook@^8.6.14: found 9.1.3
│ ├─┬ @storybook/addon-backgrounds 8.6.14
│ │ └── ✕ unmet peer storybook@^8.6.14: found 9.1.3
│ ├─┬ @storybook/addon-actions 8.6.14
│ │ └── ✕ unmet peer storybook@^8.6.14: found 9.1.3
│ ├─┬ @storybook/addon-toolbars 8.6.14
│ │ └── ✕ unmet peer storybook@^8.6.14: found 9.1.3
│ ├─┬ @storybook/addon-docs 8.6.14
│ │ ├── ✕ unmet peer storybook@^8.6.14: found 9.1.3
│ │ ├─┬ @storybook/csf-plugin 8.6.14
│ │ │ └── ✕ unmet peer storybook@^8.6.14: found 9.1.3
│ │ ├─┬ @storybook/react-dom-shim 8.6.14
│ │ │ └── ✕ unmet peer storybook@^8.6.14: found 9.1.3
│ │ └─┬ @storybook/blocks 8.6.14
│ │   └── ✕ unmet peer storybook@^8.6.14: found 9.1.3
│ └─┬ @storybook/addon-viewport 8.6.14
│   └── ✕ unmet peer storybook@^8.6.14: found 9.1.3
└─┬ flowbite-react 0.12.7
└─┬ @typescript-eslint/typescript-estree 8.26.0
└── ✕ unmet peer typescript@">=4.8.4 <5.9.0": found 5.9.2
[19:29:53.018] [INFO] Packages: +1 -15
+---------------
[19:29:53.059] [INFO] install-dependencies-task: Packages: +1 -15
+---------------
[19:29:55.174] [INFO] Done in 1m 23.5s using pnpm v10.15.0
[19:29:55.218] [INFO] install-dependencies-task: Done in 1m 23.5s using pnpm v10.15.0
[19:29:55.257] [INFO] Dependencies installed
[19:29:55.257] [INFO] install-dependencies-task-success: Dependencies installed
[19:29:55.257] [WARN] Since you are in a monorepo, we advise you to deduplicate your dependencies. We can do this for you but it might take some time.
[19:29:55.304] [PROMPT] Execute pnpm run dedupe? {"choice":true}
[19:29:55.304] [INFO] Deduplicating dependencies...
[19:29:55.304] [INFO] dedupe-dependencies-task-start: Deduplicating dependencies...
[19:29:55.885] [INFO] Progress: resolved 1, reused 0, downloaded 0, added 0
[19:29:55.929] [INFO] dedupe-dependencies-task: Progress: resolved 1, reused 0, downloaded 0, added 0
[19:29:56.887] [INFO] Progress: resolved 14, reused 14, downloaded 0, added 0
[19:29:56.925] [INFO] dedupe-dependencies-task: Progress: resolved 14, reused 14, downloaded 0, added 0
[19:29:56.990] [INFO] WARN  deprecated @storybook/testing-library@0.2.2: In Storybook 8, this package functionality has been integrated to a new package called @storybook/test, which uses Vitest APIs for an improved experience. When upgrading to Storybook 8 with 'npx storybook@latest upgrade', you will get prompted and will get an automigration for the new package. Please migrate when you can.
[19:29:57.027] [INFO] dedupe-dependencies-task: WARN  deprecated @storybook/testing-library@0.2.2: In Storybook 8, this package
functionality has been integrated to a new package called @storybook/test, which
uses Vitest APIs for an improved experience. When upgrading to Storybook 8 with
'npx storybook@latest upgrade', you will get prompted and will get an
automigration for the new package. Please migrate when you can.
[19:29:57.898] [INFO] Progress: resolved 18, reused 18, downloaded 0, added 0
[19:29:57.934] [INFO] dedupe-dependencies-task: Progress: resolved 18, reused 18, downloaded 0, added 0
[19:29:58.905] [INFO] Progress: resolved 22, reused 22, downloaded 0, added 0
[19:29:58.942] [INFO] dedupe-dependencies-task: Progress: resolved 22, reused 22, downloaded 0, added 0
[19:29:59.920] [INFO] Progress: resolved 25, reused 25, downloaded 0, added 0
[19:29:59.957] [INFO] dedupe-dependencies-task: Progress: resolved 25, reused 25, downloaded 0, added 0
[19:30:00.921] [INFO] Progress: resolved 30, reused 30, downloaded 0, added 0
[19:30:00.956] [INFO] dedupe-dependencies-task: Progress: resolved 30, reused 30, downloaded 0, added 0
[19:30:01.926] [INFO] Progress: resolved 39, reused 39, downloaded 0, added 0
[19:30:01.965] [INFO] dedupe-dependencies-task: Progress: resolved 39, reused 39, downloaded 0, added 0
[19:30:02.666] [INFO] WARN  deprecated @storybook/jest@0.2.3: In Storybook 8, this package functionality has been integrated to a new package called @storybook/test, which uses Vitest APIs for an improved experience. When upgrading to Storybook 8 with 'npx storybook@latest upgrade', you will get prompted and will get an automigration for the new package. Please migrate when you can.
[19:30:02.702] [INFO] dedupe-dependencies-task: WARN  deprecated @storybook/jest@0.2.3: In Storybook 8, this package
functionality has been integrated to a new package called @storybook/test, which
uses Vitest APIs for an improved experience. When upgrading to Storybook 8 with
'npx storybook@latest upgrade', you will get prompted and will get an
automigration for the new package. Please migrate when you can.
[19:30:02.933] [INFO] Progress: resolved 42, reused 42, downloaded 0, added 0
[19:30:02.970] [INFO] dedupe-dependencies-task: Progress: resolved 42, reused 42, downloaded 0, added 0
[19:30:03.933] [INFO] Progress: resolved 46, reused 46, downloaded 0, added 0
[19:30:03.968] [INFO] dedupe-dependencies-task: Progress: resolved 46, reused 46, downloaded 0, added 0
[19:30:04.933] [INFO] Progress: resolved 52, reused 52, downloaded 0, added 0
[19:30:04.971] [INFO] dedupe-dependencies-task: Progress: resolved 52, reused 52, downloaded 0, added 0
[19:30:05.942] [INFO] Progress: resolved 58, reused 58, downloaded 0, added 0
[19:30:05.978] [INFO] dedupe-dependencies-task: Progress: resolved 58, reused 58, downloaded 0, added 0
[19:30:06.943] [INFO] Progress: resolved 62, reused 61, downloaded 0, added 0
[19:30:06.981] [INFO] dedupe-dependencies-task: Progress: resolved 62, reused 61, downloaded 0, added 0
[19:30:07.948] [INFO] Progress: resolved 62, reused 62, downloaded 0, added 0
[19:30:07.983] [INFO] dedupe-dependencies-task: Progress: resolved 62, reused 62, downloaded 0, added 0
[19:30:08.947] [INFO] Progress: resolved 64, reused 64, downloaded 0, added 0
[19:30:08.983] [INFO] dedupe-dependencies-task: Progress: resolved 64, reused 64, downloaded 0, added 0
[19:30:09.952] [INFO] Progress: resolved 68, reused 68, downloaded 0, added 0
[19:30:09.989] [INFO] dedupe-dependencies-task: Progress: resolved 68, reused 68, downloaded 0, added 0
[19:30:10.954] [INFO] Progress: resolved 71, reused 71, downloaded 0, added 0
[19:30:10.988] [INFO] dedupe-dependencies-task: Progress: resolved 71, reused 71, downloaded 0, added 0
[19:30:11.955] [INFO] Progress: resolved 76, reused 76, downloaded 0, added 0
[19:30:11.992] [INFO] dedupe-dependencies-task: Progress: resolved 76, reused 76, downloaded 0, added 0
[19:30:12.962] [INFO] Progress: resolved 80, reused 80, downloaded 0, added 0
[19:30:12.999] [INFO] dedupe-dependencies-task: Progress: resolved 80, reused 80, downloaded 0, added 0
[19:30:14.097] [INFO] Progress: resolved 81, reused 80, downloaded 0, added 0
[19:30:14.142] [INFO] dedupe-dependencies-task: Progress: resolved 81, reused 80, downloaded 0, added 0
[19:30:15.103] [INFO] Progress: resolved 84, reused 84, downloaded 0, added 0
[19:30:15.143] [INFO] dedupe-dependencies-task: Progress: resolved 84, reused 84, downloaded 0, added 0
[19:30:16.104] [INFO] Progress: resolved 93, reused 92, downloaded 0, added 0
[19:30:16.141] [INFO] dedupe-dependencies-task: Progress: resolved 93, reused 92, downloaded 0, added 0
[19:30:17.104] [INFO] Progress: resolved 98, reused 98, downloaded 0, added 0
[19:30:17.144] [INFO] dedupe-dependencies-task: Progress: resolved 98, reused 98, downloaded 0, added 0
[19:30:17.493] [INFO] WARN  deprecated critters@0.0.25: Ownership of Critters has moved to the Nuxt team, who will be maintaining the project going forward. If you'd like to keep using Critters, please switch to the actively-maintained fork at https://github.com/danielroe/beasties
[19:30:17.532] [INFO] dedupe-dependencies-task: WARN  deprecated critters@0.0.25: Ownership of Critters has moved to the Nuxt
team, who will be maintaining the project going forward. If you'd like to keep
using Critters, please switch to the actively-maintained fork at
https://github.com/danielroe/beasties
[19:30:18.110] [INFO] Progress: resolved 109, reused 109, downloaded 0, added 0
[19:30:18.146] [INFO] dedupe-dependencies-task: Progress: resolved 109, reused 109, downloaded 0, added 0
[19:30:18.574] [INFO] WARN  deprecated fluent-ffmpeg@2.1.3: Package no longer supported. Contact Support at https://www.npmjs.com/support for more info.
[19:30:18.610] [INFO] dedupe-dependencies-task: WARN  deprecated fluent-ffmpeg@2.1.3: Package no longer supported. Contact
Support at https://www.npmjs.com/support for more info.
[19:30:19.115] [INFO] Progress: resolved 113, reused 113, downloaded 0, added 0
[19:30:19.152] [INFO] dedupe-dependencies-task: Progress: resolved 113, reused 113, downloaded 0, added 0
[19:30:20.116] [INFO] Progress: resolved 123, reused 123, downloaded 0, added 0
[19:30:20.151] [INFO] dedupe-dependencies-task: Progress: resolved 123, reused 123, downloaded 0, added 0
[19:30:21.126] [INFO] Progress: resolved 124, reused 124, downloaded 0, added 0
[19:30:21.166] [INFO] dedupe-dependencies-task: Progress: resolved 124, reused 124, downloaded 0, added 0
[19:30:22.128] [INFO] Progress: resolved 127, reused 127, downloaded 0, added 0
[19:30:22.166] [INFO] dedupe-dependencies-task: Progress: resolved 127, reused 127, downloaded 0, added 0
[19:30:23.132] [INFO] Progress: resolved 130, reused 130, downloaded 0, added 0
[19:30:23.169] [INFO] dedupe-dependencies-task: Progress: resolved 130, reused 130, downloaded 0, added 0
[19:30:24.633] [INFO] Progress: resolved 131, reused 130, downloaded 0, added 0
[19:30:24.673] [INFO] dedupe-dependencies-task: Progress: resolved 131, reused 130, downloaded 0, added 0
[19:30:25.638] [INFO] Progress: resolved 135, reused 135, downloaded 0, added 0
[19:30:25.676] [INFO] dedupe-dependencies-task: Progress: resolved 135, reused 135, downloaded 0, added 0
[19:30:26.639] [INFO] Progress: resolved 144, reused 144, downloaded 0, added 0
[19:30:26.682] [INFO] dedupe-dependencies-task: Progress: resolved 144, reused 144, downloaded 0, added 0
[19:30:27.641] [INFO] Progress: resolved 145, reused 145, downloaded 0, added 0
[19:30:27.692] [INFO] dedupe-dependencies-task: Progress: resolved 145, reused 145, downloaded 0, added 0
[19:30:27.867] [INFO] apps/nextjs                              |  WARN  deprecated @types/prettier@3.0.0
[19:30:27.910] [INFO] dedupe-dependencies-task: apps/nextjs                              |  WARN  deprecated
@types/prettier@3.0.0
[19:30:28.650] [INFO] Progress: resolved 164, reused 164, downloaded 0, added 0
[19:30:28.686] [INFO] dedupe-dependencies-task: Progress: resolved 164, reused 164, downloaded 0, added 0
[19:30:29.731] [INFO] Progress: resolved 165, reused 164, downloaded 0, added 0
[19:30:29.766] [INFO] dedupe-dependencies-task: Progress: resolved 165, reused 164, downloaded 0, added 0
[19:30:30.731] [INFO] Progress: resolved 165, reused 165, downloaded 0, added 0
[19:30:30.766] [INFO] dedupe-dependencies-task: Progress: resolved 165, reused 165, downloaded 0, added 0
[19:30:31.738] [INFO] Progress: resolved 166, reused 165, downloaded 0, added 0
[19:30:31.775] [INFO] dedupe-dependencies-task: Progress: resolved 166, reused 165, downloaded 0, added 0
[19:30:32.739] [INFO] Progress: resolved 166, reused 166, downloaded 0, added 0
[19:30:32.781] [INFO] dedupe-dependencies-task: Progress: resolved 166, reused 166, downloaded 0, added 0
[19:30:33.740] [INFO] Progress: resolved 167, reused 167, downloaded 0, added 0
[19:30:33.777] [INFO] dedupe-dependencies-task: Progress: resolved 167, reused 167, downloaded 0, added 0
[19:30:35.283] [INFO] Progress: resolved 168, reused 167, downloaded 0, added 0
[19:30:35.340] [INFO] dedupe-dependencies-task: Progress: resolved 168, reused 167, downloaded 0, added 0
[19:30:36.292] [INFO] Progress: resolved 168, reused 168, downloaded 0, added 0
[19:30:36.329] [INFO] dedupe-dependencies-task: Progress: resolved 168, reused 168, downloaded 0, added 0
[19:30:54.484] [INFO] Progress: resolved 169, reused 168, downloaded 0, added 0
[19:30:54.521] [INFO] dedupe-dependencies-task: Progress: resolved 169, reused 168, downloaded 0, added 0
[19:30:55.488] [INFO] Progress: resolved 185, reused 185, downloaded 0, added 0
[19:30:55.524] [INFO] dedupe-dependencies-task: Progress: resolved 185, reused 185, downloaded 0, added 0
[19:30:56.495] [INFO] Progress: resolved 215, reused 215, downloaded 0, added 0
[19:30:56.532] [INFO] dedupe-dependencies-task: Progress: resolved 215, reused 215, downloaded 0, added 0
[19:30:57.498] [INFO] Progress: resolved 242, reused 242, downloaded 0, added 0
[19:30:57.533] [INFO] dedupe-dependencies-task: Progress: resolved 242, reused 242, downloaded 0, added 0
[19:30:58.502] [INFO] Progress: resolved 259, reused 259, downloaded 0, added 0
[19:30:58.537] [INFO] dedupe-dependencies-task: Progress: resolved 259, reused 259, downloaded 0, added 0
[19:30:59.510] [INFO] Progress: resolved 261, reused 261, downloaded 0, added 0
[19:30:59.546] [INFO] dedupe-dependencies-task: Progress: resolved 261, reused 261, downloaded 0, added 0
[19:31:00.518] [INFO] Progress: resolved 266, reused 266, downloaded 0, added 0
[19:31:00.555] [INFO] dedupe-dependencies-task: Progress: resolved 266, reused 266, downloaded 0, added 0
[19:31:01.522] [INFO] Progress: resolved 270, reused 270, downloaded 0, added 0
[19:31:01.561] [INFO] dedupe-dependencies-task: Progress: resolved 270, reused 270, downloaded 0, added 0
[19:31:02.522] [INFO] Progress: resolved 283, reused 274, downloaded 0, added 0
[19:31:02.559] [INFO] dedupe-dependencies-task: Progress: resolved 283, reused 274, downloaded 0, added 0
[19:31:03.536] [INFO] Progress: resolved 300, reused 291, downloaded 0, added 0
[19:31:03.577] [INFO] dedupe-dependencies-task: Progress: resolved 300, reused 291, downloaded 0, added 0
[19:31:04.540] [INFO] Progress: resolved 312, reused 303, downloaded 0, added 0
[19:31:04.579] [INFO] dedupe-dependencies-task: Progress: resolved 312, reused 303, downloaded 0, added 0
[19:31:05.542] [INFO] Progress: resolved 324, reused 315, downloaded 0, added 0
[19:31:05.581] [INFO] dedupe-dependencies-task: Progress: resolved 324, reused 315, downloaded 0, added 0
[19:31:06.553] [INFO] Progress: resolved 342, reused 333, downloaded 0, added 0
[19:31:06.592] [INFO] dedupe-dependencies-task: Progress: resolved 342, reused 333, downloaded 0, added 0
[19:31:07.556] [INFO] Progress: resolved 359, reused 350, downloaded 0, added 0
[19:31:07.593] [INFO] dedupe-dependencies-task: Progress: resolved 359, reused 350, downloaded 0, added 0
[19:31:08.559] [INFO] Progress: resolved 372, reused 363, downloaded 0, added 0
[19:31:08.594] [INFO] dedupe-dependencies-task: Progress: resolved 372, reused 363, downloaded 0, added 0
[19:31:09.836] [INFO] Progress: resolved 373, reused 363, downloaded 0, added 0
[19:31:09.880] [INFO] dedupe-dependencies-task: Progress: resolved 373, reused 363, downloaded 0, added 0
[19:31:10.837] [INFO] Progress: resolved 383, reused 374, downloaded 0, added 0
[19:31:10.872] [INFO] dedupe-dependencies-task: Progress: resolved 383, reused 374, downloaded 0, added 0
[19:31:11.846] [INFO] Progress: resolved 395, reused 386, downloaded 0, added 0
[19:31:11.882] [INFO] dedupe-dependencies-task: Progress: resolved 395, reused 386, downloaded 0, added 0
[19:31:12.963] [INFO] Progress: resolved 396, reused 386, downloaded 0, added 0
[19:31:13.000] [INFO] dedupe-dependencies-task: Progress: resolved 396, reused 386, downloaded 0, added 0
[19:31:13.971] [INFO] Progress: resolved 410, reused 401, downloaded 0, added 0
[19:31:14.009] [INFO] dedupe-dependencies-task: Progress: resolved 410, reused 401, downloaded 0, added 0
[19:31:14.981] [INFO] Progress: resolved 440, reused 422, downloaded 0, added 0
[19:31:15.017] [INFO] dedupe-dependencies-task: Progress: resolved 440, reused 422, downloaded 0, added 0
[19:31:15.987] [INFO] Progress: resolved 452, reused 434, downloaded 0, added 0
[19:31:16.023] [INFO] dedupe-dependencies-task: Progress: resolved 452, reused 434, downloaded 0, added 0
[19:31:16.993] [INFO] Progress: resolved 479, reused 461, downloaded 0, added 0
[19:31:17.027] [INFO] dedupe-dependencies-task: Progress: resolved 479, reused 461, downloaded 0, added 0
[19:31:18.006] [INFO] Progress: resolved 482, reused 464, downloaded 0, added 0
[19:31:18.042] [INFO] dedupe-dependencies-task: Progress: resolved 482, reused 464, downloaded 0, added 0
[19:31:19.008] [INFO] Progress: resolved 525, reused 507, downloaded 0, added 0
[19:31:19.043] [INFO] dedupe-dependencies-task: Progress: resolved 525, reused 507, downloaded 0, added 0
[19:31:20.014] [INFO] Progress: resolved 539, reused 520, downloaded 0, added 0
[19:31:20.052] [INFO] dedupe-dependencies-task: Progress: resolved 539, reused 520, downloaded 0, added 0
[19:31:21.014] [INFO] Progress: resolved 570, reused 551, downloaded 0, added 0
[19:31:21.054] [INFO] dedupe-dependencies-task: Progress: resolved 570, reused 551, downloaded 0, added 0
[19:31:22.016] [INFO] Progress: resolved 582, reused 563, downloaded 0, added 0
[19:31:22.054] [INFO] dedupe-dependencies-task: Progress: resolved 582, reused 563, downloaded 0, added 0
[19:31:23.024] [INFO] Progress: resolved 590, reused 571, downloaded 0, added 0
[19:31:23.062] [INFO] dedupe-dependencies-task: Progress: resolved 590, reused 571, downloaded 0, added 0
[19:31:24.029] [INFO] Progress: resolved 599, reused 580, downloaded 0, added 0
[19:31:24.065] [INFO] dedupe-dependencies-task: Progress: resolved 599, reused 580, downloaded 0, added 0
[19:31:25.030] [INFO] Progress: resolved 604, reused 585, downloaded 0, added 0
[19:31:25.067] [INFO] dedupe-dependencies-task: Progress: resolved 604, reused 585, downloaded 0, added 0
[19:31:26.030] [INFO] Progress: resolved 627, reused 607, downloaded 0, added 0
[19:31:26.069] [INFO] dedupe-dependencies-task: Progress: resolved 627, reused 607, downloaded 0, added 0
[19:31:27.033] [INFO] Progress: resolved 648, reused 629, downloaded 0, added 0
[19:31:27.072] [INFO] dedupe-dependencies-task: Progress: resolved 648, reused 629, downloaded 0, added 0
[19:31:28.042] [INFO] Progress: resolved 681, reused 640, downloaded 0, added 0
[19:31:28.081] [INFO] dedupe-dependencies-task: Progress: resolved 681, reused 640, downloaded 0, added 0
[19:31:29.044] [INFO] Progress: resolved 695, reused 655, downloaded 0, added 0
[19:31:29.079] [INFO] dedupe-dependencies-task: Progress: resolved 695, reused 655, downloaded 0, added 0
[19:31:30.060] [INFO] Progress: resolved 712, reused 672, downloaded 0, added 0
[19:31:30.096] [INFO] dedupe-dependencies-task: Progress: resolved 712, reused 672, downloaded 0, added 0
[19:31:31.062] [INFO] Progress: resolved 717, reused 677, downloaded 0, added 0
[19:31:31.100] [INFO] dedupe-dependencies-task: Progress: resolved 717, reused 677, downloaded 0, added 0
[19:31:32.067] [INFO] Progress: resolved 726, reused 686, downloaded 0, added 0
[19:31:32.103] [INFO] dedupe-dependencies-task: Progress: resolved 726, reused 686, downloaded 0, added 0
[19:31:33.067] [INFO] Progress: resolved 753, reused 706, downloaded 0, added 0
[19:31:33.105] [INFO] dedupe-dependencies-task: Progress: resolved 753, reused 706, downloaded 0, added 0
[19:31:34.083] [INFO] Progress: resolved 767, reused 720, downloaded 0, added 0
[19:31:34.118] [INFO] dedupe-dependencies-task: Progress: resolved 767, reused 720, downloaded 0, added 0
[19:31:35.085] [INFO] Progress: resolved 786, reused 738, downloaded 0, added 0
[19:31:35.122] [INFO] dedupe-dependencies-task: Progress: resolved 786, reused 738, downloaded 0, added 0
[19:31:36.086] [INFO] Progress: resolved 799, reused 751, downloaded 0, added 0
[19:31:36.127] [INFO] dedupe-dependencies-task: Progress: resolved 799, reused 751, downloaded 0, added 0
[19:31:37.088] [INFO] Progress: resolved 815, reused 767, downloaded 0, added 0
[19:31:37.123] [INFO] dedupe-dependencies-task: Progress: resolved 815, reused 767, downloaded 0, added 0
[19:31:38.087] [INFO] Progress: resolved 838, reused 790, downloaded 0, added 0
[19:31:38.122] [INFO] dedupe-dependencies-task: Progress: resolved 838, reused 790, downloaded 0, added 0
[19:31:39.090] [INFO] Progress: resolved 872, reused 824, downloaded 0, added 0
[19:31:39.125] [INFO] dedupe-dependencies-task: Progress: resolved 872, reused 824, downloaded 0, added 0
[19:31:40.095] [INFO] Progress: resolved 893, reused 845, downloaded 0, added 0
[19:31:40.132] [INFO] dedupe-dependencies-task: Progress: resolved 893, reused 845, downloaded 0, added 0
[19:31:41.102] [INFO] Progress: resolved 912, reused 864, downloaded 0, added 0
[19:31:41.138] [INFO] dedupe-dependencies-task: Progress: resolved 912, reused 864, downloaded 0, added 0
[19:31:42.101] [INFO] Progress: resolved 969, reused 920, downloaded 0, added 0
[19:31:42.138] [INFO] dedupe-dependencies-task: Progress: resolved 969, reused 920, downloaded 0, added 0
[19:31:43.106] [INFO] Progress: resolved 1006, reused 947, downloaded 0, added 0
[19:31:43.143] [INFO] dedupe-dependencies-task: Progress: resolved 1006, reused 947, downloaded 0, added 0
[19:31:44.112] [INFO] Progress: resolved 1055, reused 978, downloaded 0, added 0
[19:31:44.149] [INFO] dedupe-dependencies-task: Progress: resolved 1055, reused 978, downloaded 0, added 0
[19:31:45.121] [INFO] Progress: resolved 1081, reused 1004, downloaded 0, added 0
[19:31:45.157] [INFO] dedupe-dependencies-task: Progress: resolved 1081, reused 1004, downloaded 0, added 0
[19:31:46.135] [INFO] Progress: resolved 1132, reused 1055, downloaded 0, added 0
[19:31:46.172] [INFO] dedupe-dependencies-task: Progress: resolved 1132, reused 1055, downloaded 0, added 0
[19:31:47.136] [INFO] Progress: resolved 1152, reused 1075, downloaded 0, added 0
[19:31:47.176] [INFO] dedupe-dependencies-task: Progress: resolved 1152, reused 1075, downloaded 0, added 0
[19:31:48.143] [INFO] Progress: resolved 1243, reused 1141, downloaded 0, added 0
[19:31:48.179] [INFO] dedupe-dependencies-task: Progress: resolved 1243, reused 1141, downloaded 0, added 0
[19:31:49.144] [INFO] Progress: resolved 1270, reused 1168, downloaded 0, added 0
[19:31:49.179] [INFO] dedupe-dependencies-task: Progress: resolved 1270, reused 1168, downloaded 0, added 0
[19:31:50.145] [INFO] Progress: resolved 1335, reused 1214, downloaded 0, added 0
[19:31:50.183] [INFO] dedupe-dependencies-task: Progress: resolved 1335, reused 1214, downloaded 0, added 0
[19:31:51.146] [INFO] Progress: resolved 1359, reused 1238, downloaded 0, added 0
[19:31:51.184] [INFO] dedupe-dependencies-task: Progress: resolved 1359, reused 1238, downloaded 0, added 0
[19:31:52.148] [INFO] Progress: resolved 1374, reused 1253, downloaded 0, added 0
[19:31:52.186] [INFO] dedupe-dependencies-task: Progress: resolved 1374, reused 1253, downloaded 0, added 0
[19:31:53.155] [INFO] Progress: resolved 1376, reused 1255, downloaded 0, added 0
[19:31:53.191] [INFO] dedupe-dependencies-task: Progress: resolved 1376, reused 1255, downloaded 0, added 0
[19:31:54.166] [INFO] Progress: resolved 1379, reused 1258, downloaded 0, added 0
[19:31:54.208] [INFO] dedupe-dependencies-task: Progress: resolved 1379, reused 1258, downloaded 0, added 0
[19:31:55.182] [INFO] Progress: resolved 1389, reused 1268, downloaded 0, added 0
[19:31:55.220] [INFO] dedupe-dependencies-task: Progress: resolved 1389, reused 1268, downloaded 0, added 0
[19:31:56.189] [INFO] Progress: resolved 1390, reused 1269, downloaded 0, added 0
[19:31:56.225] [INFO] dedupe-dependencies-task: Progress: resolved 1390, reused 1269, downloaded 0, added 0
[19:31:57.194] [INFO] Progress: resolved 1409, reused 1288, downloaded 0, added 0
[19:31:57.235] [INFO] dedupe-dependencies-task: Progress: resolved 1409, reused 1288, downloaded 0, added 0
[19:31:58.194] [INFO] Progress: resolved 1411, reused 1290, downloaded 0, added 0
[19:31:58.231] [INFO] dedupe-dependencies-task: Progress: resolved 1411, reused 1290, downloaded 0, added 0
[19:31:59.197] [INFO] Progress: resolved 1423, reused 1302, downloaded 0, added 0
[19:31:59.234] [INFO] dedupe-dependencies-task: Progress: resolved 1423, reused 1302, downloaded 0, added 0
[19:32:00.204] [INFO] Progress: resolved 1452, reused 1331, downloaded 0, added 0
[19:32:00.241] [INFO] dedupe-dependencies-task: Progress: resolved 1452, reused 1331, downloaded 0, added 0
[19:32:01.205] [INFO] Progress: resolved 1462, reused 1341, downloaded 0, added 0
[19:32:01.249] [INFO] dedupe-dependencies-task: Progress: resolved 1462, reused 1341, downloaded 0, added 0
[19:32:02.205] [INFO] Progress: resolved 1483, reused 1362, downloaded 0, added 0
[19:32:02.241] [INFO] dedupe-dependencies-task: Progress: resolved 1483, reused 1362, downloaded 0, added 0
[19:32:03.209] [INFO] Progress: resolved 1502, reused 1381, downloaded 0, added 0
[19:32:03.245] [INFO] dedupe-dependencies-task: Progress: resolved 1502, reused 1381, downloaded 0, added 0
[19:32:04.211] [INFO] Progress: resolved 1518, reused 1396, downloaded 0, added 0
[19:32:04.249] [INFO] dedupe-dependencies-task: Progress: resolved 1518, reused 1396, downloaded 0, added 0
[19:32:05.218] [INFO] Progress: resolved 1545, reused 1424, downloaded 0, added 0
[19:32:05.258] [INFO] dedupe-dependencies-task: Progress: resolved 1545, reused 1424, downloaded 0, added 0
[19:32:06.217] [INFO] Progress: resolved 1589, reused 1451, downloaded 0, added 0
[19:32:06.254] [INFO] dedupe-dependencies-task: Progress: resolved 1589, reused 1451, downloaded 0, added 0
[19:32:07.220] [INFO] Progress: resolved 1594, reused 1456, downloaded 0, added 0
[19:32:07.257] [INFO] dedupe-dependencies-task: Progress: resolved 1594, reused 1456, downloaded 0, added 0
[19:32:08.228] [INFO] Progress: resolved 1613, reused 1475, downloaded 0, added 0
[19:32:08.266] [INFO] dedupe-dependencies-task: Progress: resolved 1613, reused 1475, downloaded 0, added 0
[19:32:09.232] [INFO] Progress: resolved 1632, reused 1494, downloaded 0, added 0
[19:32:09.270] [INFO] dedupe-dependencies-task: Progress: resolved 1632, reused 1494, downloaded 0, added 0
[19:32:10.232] [INFO] Progress: resolved 1682, reused 1544, downloaded 0, added 0
[19:32:10.276] [INFO] dedupe-dependencies-task: Progress: resolved 1682, reused 1544, downloaded 0, added 0
[19:32:11.233] [INFO] Progress: resolved 1737, reused 1574, downloaded 0, added 0
[19:32:11.274] [INFO] dedupe-dependencies-task: Progress: resolved 1737, reused 1574, downloaded 0, added 0
[19:32:12.234] [INFO] Progress: resolved 1773, reused 1610, downloaded 0, added 0
[19:32:12.281] [INFO] dedupe-dependencies-task: Progress: resolved 1773, reused 1610, downloaded 0, added 0
[19:32:13.237] [INFO] Progress: resolved 1805, reused 1642, downloaded 0, added 0
[19:32:13.276] [INFO] dedupe-dependencies-task: Progress: resolved 1805, reused 1642, downloaded 0, added 0
[19:32:14.242] [INFO] Progress: resolved 1849, reused 1686, downloaded 0, added 0
[19:32:14.281] [INFO] dedupe-dependencies-task: Progress: resolved 1849, reused 1686, downloaded 0, added 0
[19:32:15.243] [INFO] Progress: resolved 1865, reused 1702, downloaded 0, added 0
[19:32:15.282] [INFO] dedupe-dependencies-task: Progress: resolved 1865, reused 1702, downloaded 0, added 0
[19:32:16.242] [INFO] Progress: resolved 1893, reused 1730, downloaded 0, added 0
[19:32:16.279] [INFO] dedupe-dependencies-task: Progress: resolved 1893, reused 1730, downloaded 0, added 0
[19:32:17.248] [INFO] Progress: resolved 1895, reused 1732, downloaded 0, added 0
[19:32:17.306] [INFO] dedupe-dependencies-task: Progress: resolved 1895, reused 1732, downloaded 0, added 0
[19:32:18.260] [INFO] Progress: resolved 1930, reused 1767, downloaded 0, added 0
[19:32:18.296] [INFO] dedupe-dependencies-task: Progress: resolved 1930, reused 1767, downloaded 0, added 0
[19:32:19.268] [INFO] Progress: resolved 1948, reused 1785, downloaded 0, added 0
[19:32:19.304] [INFO] dedupe-dependencies-task: Progress: resolved 1948, reused 1785, downloaded 0, added 0
[19:32:20.274] [INFO] Progress: resolved 1980, reused 1799, downloaded 0, added 0
[19:32:20.311] [INFO] dedupe-dependencies-task: Progress: resolved 1980, reused 1799, downloaded 0, added 0
[19:32:21.275] [INFO] Progress: resolved 1988, reused 1807, downloaded 0, added 0
[19:32:21.312] [INFO] dedupe-dependencies-task: Progress: resolved 1988, reused 1807, downloaded 0, added 0
[19:32:22.275] [INFO] Progress: resolved 2020, reused 1839, downloaded 0, added 0
[19:32:22.313] [INFO] dedupe-dependencies-task: Progress: resolved 2020, reused 1839, downloaded 0, added 0
[19:32:23.283] [INFO] Progress: resolved 2034, reused 1853, downloaded 0, added 0
[19:32:23.322] [INFO] dedupe-dependencies-task: Progress: resolved 2034, reused 1853, downloaded 0, added 0
[19:32:24.293] [INFO] Progress: resolved 2044, reused 1863, downloaded 0, added 0
[19:32:24.334] [INFO] dedupe-dependencies-task: Progress: resolved 2044, reused 1863, downloaded 0, added 0
[19:32:25.299] [INFO] Progress: resolved 2143, reused 1950, downloaded 0, added 0
[19:32:25.336] [INFO] dedupe-dependencies-task: Progress: resolved 2143, reused 1950, downloaded 0, added 0
[19:32:26.304] [INFO] Progress: resolved 2214, reused 2012, downloaded 0, added 0
[19:32:26.344] [INFO] dedupe-dependencies-task: Progress: resolved 2214, reused 2012, downloaded 0, added 0
[19:32:27.304] [INFO] Progress: resolved 2286, reused 2084, downloaded 0, added 0
[19:32:27.341] [INFO] dedupe-dependencies-task: Progress: resolved 2286, reused 2084, downloaded 0, added 0
[19:32:28.318] [INFO] Progress: resolved 2353, reused 2151, downloaded 0, added 0
[19:32:28.355] [INFO] dedupe-dependencies-task: Progress: resolved 2353, reused 2151, downloaded 0, added 0
[19:32:29.332] [INFO] Progress: resolved 2405, reused 2203, downloaded 0, added 0
[19:32:29.370] [INFO] dedupe-dependencies-task: Progress: resolved 2405, reused 2203, downloaded 0, added 0
[19:32:30.338] [INFO] Progress: resolved 2477, reused 2275, downloaded 0, added 0
[19:32:30.376] [INFO] dedupe-dependencies-task: Progress: resolved 2477, reused 2275, downloaded 0, added 0
[19:32:31.339] [INFO] Progress: resolved 2519, reused 2317, downloaded 0, added 0
[19:32:31.377] [INFO] dedupe-dependencies-task: Progress: resolved 2519, reused 2317, downloaded 0, added 0
[19:32:32.338] [INFO] Progress: resolved 2572, reused 2346, downloaded 0, added 0
[19:32:32.377] [INFO] dedupe-dependencies-task: Progress: resolved 2572, reused 2346, downloaded 0, added 0
[19:32:33.340] [INFO] Progress: resolved 2600, reused 2374, downloaded 0, added 0
[19:32:33.381] [INFO] dedupe-dependencies-task: Progress: resolved 2600, reused 2374, downloaded 0, added 0
[19:32:34.343] [INFO] Progress: resolved 2609, reused 2383, downloaded 0, added 0
[19:32:34.384] [INFO] dedupe-dependencies-task: Progress: resolved 2609, reused 2383, downloaded 0, added 0
[19:32:35.348] [INFO] Progress: resolved 2612, reused 2384, downloaded 0, added 0
[19:32:35.388] [INFO] dedupe-dependencies-task: Progress: resolved 2612, reused 2384, downloaded 0, added 0
[19:32:35.623] [INFO] WARN  9 deprecated subdependencies found: @storybook/expect@28.1.3-5, @types/minimatch@6.0.0, glob@7.2.3, glob@8.1.0, inflight@1.0.6, node-domexception@1.0.0, puppeteer@23.11.1, rimraf@3.0.2, stable@0.1.8
[19:32:35.662] [INFO] dedupe-dependencies-task: WARN  9 deprecated subdependencies found: @storybook/expect@28.1.3-5,
@types/minimatch@6.0.0, glob@7.2.3, glob@8.1.0, inflight@1.0.6,
node-domexception@1.0.0, puppeteer@23.11.1, rimraf@3.0.2, stable@0.1.8
[19:32:35.663] [INFO] Packages: -27
---------------------------
[19:32:35.703] [INFO] dedupe-dependencies-task: Packages: -27
---------------------------
[19:32:35.941] [INFO] Progress: resolved 2612, reused 2386, downloaded 0, added 2, done
[19:32:35.982] [INFO] dedupe-dependencies-task: Progress: resolved 2612, reused 2386, downloaded 0, added 2, done
[19:32:37.225] [INFO] WARN  Issues with peer dependencies found
.
├─┬ @storybook/addon-essentials 8.6.14
│ ├── ✕ unmet peer storybook@^8.6.14: found 9.1.3
│ ├─┬ @storybook/addon-actions 8.6.14
│ │ └── ✕ unmet peer storybook@^8.6.14: found 9.1.3
│ ├─┬ @storybook/addon-controls 8.6.14
│ │ └── ✕ unmet peer storybook@^8.6.14: found 9.1.3
│ ├─┬ @storybook/addon-backgrounds 8.6.14
│ │ └── ✕ unmet peer storybook@^8.6.14: found 9.1.3
│ ├─┬ @storybook/addon-highlight 8.6.14
│ │ └── ✕ unmet peer storybook@^8.6.14: found 9.1.3
│ ├─┬ @storybook/addon-measure 8.6.14
│ │ └── ✕ unmet peer storybook@^8.6.14: found 9.1.3
│ ├─┬ @storybook/addon-outline 8.6.14
│ │ └── ✕ unmet peer storybook@^8.6.14: found 9.1.3
│ ├─┬ @storybook/addon-docs 8.6.14
│ │ ├── ✕ unmet peer storybook@^8.6.14: found 9.1.3
│ │ ├─┬ @storybook/blocks 8.6.14
│ │ │ └── ✕ unmet peer storybook@^8.6.14: found 9.1.3
│ │ ├─┬ @storybook/csf-plugin 8.6.14
│ │ │ └── ✕ unmet peer storybook@^8.6.14: found 9.1.3
│ │ └─┬ @storybook/react-dom-shim 8.6.14
│ │   └── ✕ unmet peer storybook@^8.6.14: found 9.1.3
│ ├─┬ @storybook/addon-toolbars 8.6.14
│ │ └── ✕ unmet peer storybook@^8.6.14: found 9.1.3
│ └─┬ @storybook/addon-viewport 8.6.14
│   └── ✕ unmet peer storybook@^8.6.14: found 9.1.3
└─┬ flowbite-react 0.12.7
  └─┬ @typescript-eslint/typescript-estree 8.26.0
    └── ✕ unmet peer typescript@">=4.8.4 <5.9.0": found 5.9.2
[19:32:37.275] [INFO] dedupe-dependencies-task: WARN  Issues with peer dependencies found
.
├─┬ @storybook/addon-essentials 8.6.14
│ ├── ✕ unmet peer storybook@^8.6.14: found 9.1.3
│ ├─┬ @storybook/addon-actions 8.6.14
│ │ └── ✕ unmet peer storybook@^8.6.14: found 9.1.3
│ ├─┬ @storybook/addon-controls 8.6.14
│ │ └── ✕ unmet peer storybook@^8.6.14: found 9.1.3
│ ├─┬ @storybook/addon-backgrounds 8.6.14
│ │ └── ✕ unmet peer storybook@^8.6.14: found 9.1.3
│ ├─┬ @storybook/addon-highlight 8.6.14
│ │ └── ✕ unmet peer storybook@^8.6.14: found 9.1.3
│ ├─┬ @storybook/addon-measure 8.6.14
│ │ └── ✕ unmet peer storybook@^8.6.14: found 9.1.3
│ ├─┬ @storybook/addon-outline 8.6.14
│ │ └── ✕ unmet peer storybook@^8.6.14: found 9.1.3
│ ├─┬ @storybook/addon-docs 8.6.14
│ │ ├── ✕ unmet peer storybook@^8.6.14: found 9.1.3
│ │ ├─┬ @storybook/blocks 8.6.14
│ │ │ └── ✕ unmet peer storybook@^8.6.14: found 9.1.3
│ │ ├─┬ @storybook/csf-plugin 8.6.14
│ │ │ └── ✕ unmet peer storybook@^8.6.14: found 9.1.3
│ │ └─┬ @storybook/react-dom-shim 8.6.14
│ │   └── ✕ unmet peer storybook@^8.6.14: found 9.1.3
│ ├─┬ @storybook/addon-toolbars 8.6.14
│ │ └── ✕ unmet peer storybook@^8.6.14: found 9.1.3
│ └─┬ @storybook/addon-viewport 8.6.14
│   └── ✕ unmet peer storybook@^8.6.14: found 9.1.3
└─┬ flowbite-react 0.12.7
└─┬ @typescript-eslint/typescript-estree 8.26.0
└── ✕ unmet peer typescript@">=4.8.4 <5.9.0": found 5.9.2
[19:32:37.276] [INFO] 
[19:32:37.316] [INFO] dedupe-dependencies-task: 
[19:32:37.322] [INFO] Dependencies deduplicated
[19:32:37.322] [INFO] dedupe-dependencies-task-success: Dependencies deduplicated
[19:32:37.322] [INFO] Checking the health of your project(s)..
[19:32:37.919] [WARN] \storybook-ui\.storybook: 1 issue found
[19:32:37.955] [INFO] You are currently using Storybook 9.1.3 but you have packages which are incompatible with it:

- @storybook/addon-essentials@8.6.14 which depends on 8.6.14
 Repo: https://github.com/storybookjs/storybook/tree/next/code/addons/essentials

Please consider updating your packages or contacting the maintainers for compatibility details.

For more on Storybook 9 compatibility, see the linked GitHub issue:
https://github.com/storybookjs/storybook/issues/30944
[19:32:37.955] [INFO] Incompatible Packages
[19:32:37.991] [INFO] You are currently using Storybook 9.1.3 but you have packages which are incompatible with it:

- @storybook/addon-essentials@8.6.14 which depends on 8.6.14
 Repo: https://github.com/storybookjs/storybook/tree/next/code/addons/essentials

Please consider updating your packages or contacting the maintainers for compatibility details.

For more on Storybook 9 compatibility, see the linked GitHub issue:
https://github.com/storybookjs/storybook/issues/30944
[19:32:38.028] [INFO] Storybook doctor is complete!
[19:32:38.063] [INFO] You can always recheck the health of your project(s) by running:
npx storybook doctor
[19:32:38.101] [INFO] The upgrade is complete!
[19:32:38.136] [INFO] Your project(s) have been upgraded successfully, but some issues were found which need your attention, please check Storybook doctor logs above.
[19:32:38.358] [INFO] If you want to learn more about the automigrations that executed in your project(s), please check the following links:

• eslintPlugin
• consolidated-imports
• remove-addon-interactions
• renderer-to-framework
• wrap-require
[19:32:38.413] [INFO] For a full list of changes, please check our migration guide: https://storybook.js.org/docs/migration-guide?ref=upgrade